
> sql-crypto-data-filler@1.0.0 start /media/david/Drive/Binder/Csc_336/Assignments/Group Project/Code/sql-crypto-data-filler
> node app.js

Connected To Database
59
ecount 0
insert into price_feed (coin,price,exchange) values (6,1607.2,1);
insert into price_feed (coin,price,exchange) values (1,9810.46,1);
insert into price_feed (coin,price,exchange) values (5,0.9034,1);
insert into price_feed (coin,price,exchange) values (2,808.67,1);
insert into price_feed (coin,price,exchange) values (3,18.25,1);
insert into price_feed (coin,price,exchange) values (7,2.39,1);
insert into price_feed (coin,price,exchange) values (12,492.76,1);
insert into price_feed (coin,price,exchange) values (11,245,1);
insert into price_feed (coin,price,exchange) values (10,17.93,1);
insert into price_feed (coin,price,exchange) values (4,171.38,1);
insert into price_feed (coin,price,exchange) values (8,85.55,1);
insert into price_feed (coin,price,exchange) values (9,22.97,1);
insert into price_feed (coin,price,exchange) values (14,303.21,1);
insert into price_feed (coin,price,exchange) values (13,0.08966,1);
insert into price_feed (coin,price,exchange) values (17,22.67,1);
insert into price_feed (coin,price,exchange) values (16,1.68,1);
insert into price_feed (coin,price,exchange) values (18,0.1743,1);
insert into price_feed (coin,price,exchange) values (15,76.85,1);
insert into price_feed (coin,price,exchange) values (19,44,1);
insert into price_feed (coin,price,exchange) values (2,806.74,2);
insert into price_feed (coin,price,exchange) values (3,18.14,2);
insert into price_feed (coin,price,exchange) values (1,9795.5,2);
insert into price_feed (coin,price,exchange) values (6,1604,2);
insert into price_feed (coin,price,exchange) values (4,170.49,2);
insert into price_feed (coin,price,exchange) values (5,0.9,2);
insert into price_feed (coin,price,exchange) values (11,245.32,2);
Skipping insert got undefined value
Skipping insert got undefined value
Skipping insert got undefined value
Skipping insert got undefined value
Skipping insert got undefined value
Skipping insert got undefined value
Skipping insert got undefined value
Skipping insert got undefined value
Skipping insert got undefined value
Skipping insert got undefined value
insert into price_feed (coin,price,exchange) values (9,22.88,2);
Skipping insert got undefined value
Skipping insert got undefined value
Skipping insert got undefined value
Skipping insert got undefined value
Skipping insert got undefined value
Skipping insert got undefined value
Skipping insert got undefined value
Skipping insert got undefined value
Skipping insert got undefined value
Skipping insert got undefined value
insert into price_feed (coin,price,exchange) values (12,492.78,2);
insert into price_feed (coin,price,exchange) values (14,302.26,2);
insert into price_feed (coin,price,exchange) values (19,43.8,2);
Skipping insert got undefined value
Skipping insert got undefined value
Skipping insert got undefined value
Skipping insert got undefined value
Skipping insert got undefined value
Skipping insert got undefined value
Skipping insert got undefined value
Skipping insert got undefined value
Skipping insert got undefined value
Skipping insert got undefined value
insert into price_feed (coin,price,exchange) values (4,170.08,3);
Skipping insert got undefined value
Skipping insert got undefined value
Skipping insert got undefined value
Skipping insert got undefined value
Skipping insert got undefined value
Skipping insert got undefined value
Skipping insert got undefined value
Skipping insert got undefined value
Skipping insert got undefined value
Skipping insert got undefined value
insert into price_feed (coin,price,exchange) values (2,805.12,3);
Skipping insert got undefined value
Skipping insert got undefined value
Skipping insert got undefined value
Skipping insert got undefined value
Skipping insert got undefined value
insert into price_feed (coin,price,exchange) values (1,9782.99,3);
Skipping insert got undefined value
Skipping insert got undefined value
Skipping insert got undefined value
Skipping insert got undefined value
Skipping insert got undefined value
Skipping insert got undefined value
Skipping insert got undefined value
Skipping insert got undefined value
Skipping insert got undefined value
Skipping insert got undefined value
insert into price_feed (coin,price,exchange) values (1,9818.5,4);
Skipping insert got undefined value
Skipping insert got undefined value
Skipping insert got undefined value
Skipping insert got undefined value
Skipping insert got undefined value
insert into price_feed (coin,price,exchange) values (4,171.36,4);
insert into price_feed (coin,price,exchange) values (3,18.18,4);
insert into price_feed (coin,price,exchange) values (5,0.7026,4);
insert into price_feed (coin,price,exchange) values (2,809.71,4);
insert into price_feed (coin,price,exchange) values (11,243.22,4);
insert into price_feed (coin,price,exchange) values (8,85.69,4);
insert into price_feed (coin,price,exchange) values (12,492.79,4);
insert into price_feed (coin,price,exchange) values (6,1610.67,4);
insert into price_feed (coin,price,exchange) values (1,9770.2,7);
insert into price_feed (coin,price,exchange) values (17,22.57,4);
insert into price_feed (coin,price,exchange) values (14,304.56,4);
insert into price_feed (coin,price,exchange) values (18,0.1741,4);
insert into price_feed (coin,price,exchange) values (16,1.68,4);

> sql-crypto-data-filler@1.0.0 start /media/david/Drive/Binder/Csc_336/Assignments/Group Project/Code/sql-crypto-data-filler
> node app.js

Connected To Database
59
ecount 0
insert into price_feed (coin,price,exchange) values (2,808.67,1);
insert into price_feed (coin,price,exchange) values (3,18.25,1);
insert into price_feed (coin,price,exchange) values (1,9810.73,1);
insert into price_feed (coin,price,exchange) values (4,171.29,1);
insert into price_feed (coin,price,exchange) values (7,2.38,1);
insert into price_feed (coin,price,exchange) values (5,0.904,1);
insert into price_feed (coin,price,exchange) values (8,85.55,1);
insert into price_feed (coin,price,exchange) values (9,23,1);
insert into price_feed (coin,price,exchange) values (12,492.45,1);
insert into price_feed (coin,price,exchange) values (6,1611,1);
insert into price_feed (coin,price,exchange) values (10,17.93,1);
insert into price_feed (coin,price,exchange) values (15,76.85,1);
insert into price_feed (coin,price,exchange) values (13,0.08966,1);
insert into price_feed (coin,price,exchange) values (11,245,1);
insert into price_feed (coin,price,exchange) values (16,1.68,1);
insert into price_feed (coin,price,exchange) values (14,304.01,1);
insert into price_feed (coin,price,exchange) values (17,22.67,1);
insert into price_feed (coin,price,exchange) values (18,0.1743,1);
insert into price_feed (coin,price,exchange) values (19,44,1);
insert into price_feed (coin,price,exchange) values (1,9795.5,2);
insert into price_feed (coin,price,exchange) values (3,18.14,2);
insert into price_feed (coin,price,exchange) values (2,805.69,2);
insert into price_feed (coin,price,exchange) values (4,170.87,2);
insert into price_feed (coin,price,exchange) values (6,1604,2);
insert into price_feed (coin,price,exchange) values (5,0.9013,2);
insert into price_feed (coin,price,exchange) values (14,302.26,2);
insert into price_feed (coin,price,exchange) values (11,245.32,2);
insert into price_feed (coin,price,exchange) values (2,805.11,3);
insert into price_feed (coin,price,exchange) values (12,492.78,2);
Skipping insert got undefined value
Skipping insert got undefined value
Skipping insert got undefined value
Skipping insert got undefined value
Skipping insert got undefined value
Skipping insert got undefined value
Skipping insert got undefined value
Skipping insert got undefined value
Skipping insert got undefined value
Skipping insert got undefined value
insert into price_feed (coin,price,exchange) values (4,169.91,3);
Skipping insert got undefined value
Skipping insert got undefined value
Skipping insert got undefined value
Skipping insert got undefined value
Skipping insert got undefined value
Skipping insert got undefined value
Skipping insert got undefined value
Skipping insert got undefined value
Skipping insert got undefined value
Skipping insert got undefined value
insert into price_feed (coin,price,exchange) values (9,22.9,2);
Skipping insert got undefined value
Skipping insert got undefined value
Skipping insert got undefined value
Skipping insert got undefined value
Skipping insert got undefined value
insert into price_feed (coin,price,exchange) values (1,9782.99,3);
Skipping insert got undefined value
Skipping insert got undefined value
Skipping insert got undefined value
Skipping insert got undefined value
Skipping insert got undefined value
Skipping insert got undefined value
Skipping insert got undefined value
Skipping insert got undefined value
Skipping insert got undefined value
Skipping insert got undefined value
insert into price_feed (coin,price,exchange) values (19,43.8,2);
insert into price_feed (coin,price,exchange) values (2,809.39,4);
insert into price_feed (coin,price,exchange) values (1,9818.5,4);
Skipping insert got undefined value
Skipping insert got undefined value
Skipping insert got undefined value
Skipping insert got undefined value
Skipping insert got undefined value
Skipping insert got undefined value
Skipping insert got undefined value
Skipping insert got undefined value
Skipping insert got undefined value
Skipping insert got undefined value
insert into price_feed (coin,price,exchange) values (3,18.19,4);
Skipping insert got undefined value
Skipping insert got undefined value
Skipping insert got undefined value
Skipping insert got undefined value
Skipping insert got undefined value
Skipping insert got undefined value
Skipping insert got undefined value
Skipping insert got undefined value
Skipping insert got undefined value
Skipping insert got undefined value
insert into price_feed (coin,price,exchange) values (4,171.36,4);
Skipping insert got undefined value
Skipping insert got undefined value
Skipping insert got undefined value
Skipping insert got undefined value
Skipping insert got undefined value
insert into price_feed (coin,price,exchange) values (16,1.68,4);
insert into price_feed (coin,price,exchange) values (5,0.7026,4);
insert into price_feed (coin,price,exchange) values (8,85.59,4);
insert into price_feed (coin,price,exchange) values (11,243.21,4);
insert into price_feed (coin,price,exchange) values (14,304.19,4);
insert into price_feed (coin,price,exchange) values (6,1610.09,4);
insert into price_feed (coin,price,exchange) values (17,22.57,4);
insert into price_feed (coin,price,exchange) values (12,492.79,4);
insert into price_feed (coin,price,exchange) values (1,9770.2,7);
insert into price_feed (coin,price,exchange) values (18,0.1741,4);
